<?xml version="1.0" encoding="UTF-8"?>
<testng-results skipped="0" failed="1" total="1" passed="0">
  <reporter-output>
  </reporter-output>
  <suite name="Suite1" duration-ms="48980" started-at="2012-03-09T15:46:01Z" finished-at="2012-03-09T15:46:50Z">
    <groups>
      <group name="sanity">
        <method signature="LoginTest.LoginAdmin()[pri:0, instance:com.selng.wgenwebdriver.tests.LoginTest@123fab3]" name="LoginAdmin" class="com.selng.wgenwebdriver.tests.LoginTest"/>
      </group> <!-- sanity -->
    </groups>
    <test name="Regression1" duration-ms="48980" started-at="2012-03-09T15:46:01Z" finished-at="2012-03-09T15:46:50Z">
      <class name="com.selng.wgenwebdriver.tests.LoginTest">
        <test-method status="PASS" signature="startTest()[pri:0, instance:com.selng.wgenwebdriver.tests.LoginTest@123fab3]" name="startTest" is-config="true" duration-ms="865" started-at="2012-03-09T15:46:00Z" finished-at="2012-03-09T15:46:01Z">
        </test-method> <!-- startTest -->
        <test-method status="PASS" signature="runTestCase()[pri:0, instance:com.selng.wgenwebdriver.tests.LoginTest@123fab3]" name="runTestCase" is-config="true" duration-ms="28930" started-at="2012-03-09T15:46:01Z" finished-at="2012-03-09T15:46:30Z">
        </test-method> <!-- runTestCase -->
        <test-method status="FAIL" signature="LoginAdmin()[pri:0, instance:com.selng.wgenwebdriver.tests.LoginTest@123fab3]" name="LoginAdmin" duration-ms="20031" started-at="2012-03-09T15:46:30Z" finished-at="2012-03-09T15:46:50Z">
          <exception class="java.lang.AssertionError">
            <full-stacktrace>
              <![CDATA[java.lang.AssertionError
	at org.junit.Assert.fail(Assert.java:92)
	at org.junit.Assert.assertTrue(Assert.java:43)
	at org.junit.Assert.assertTrue(Assert.java:54)
	at com.selng.wgenwebdriver.utils.BasicLogin.login(BasicLogin.java:11)
	at com.selng.wgenwebdriver.tests.LoginTest.LoginAdmin(LoginTest.java:14)
	at sun.reflect.NativeMethodAccessorImpl.invoke0(Native Method)
	at sun.reflect.NativeMethodAccessorImpl.invoke(NativeMethodAccessorImpl.java:57)
	at sun.reflect.DelegatingMethodAccessorImpl.invoke(DelegatingMethodAccessorImpl.java:43)
	at java.lang.reflect.Method.invoke(Method.java:601)
	at org.testng.internal.MethodInvocationHelper.invokeMethod(MethodInvocationHelper.java:80)
	at org.testng.internal.Invoker.invokeMethod(Invoker.java:701)
	at org.testng.internal.Invoker.invokeTestMethod(Invoker.java:893)
	at org.testng.internal.Invoker.invokeTestMethods(Invoker.java:1218)
	at org.testng.internal.TestMethodWorker.invokeTestMethods(TestMethodWorker.java:127)
	at org.testng.internal.TestMethodWorker.run(TestMethodWorker.java:111)
	at org.testng.TestRunner.privateRun(TestRunner.java:768)
	at org.testng.TestRunner.run(TestRunner.java:617)
	at org.testng.SuiteRunner.runTest(SuiteRunner.java:334)
	at org.testng.SuiteRunner.runSequentially(SuiteRunner.java:329)
	at org.testng.SuiteRunner.privateRun(SuiteRunner.java:291)
	at org.testng.SuiteRunner.run(SuiteRunner.java:240)
	at org.testng.SuiteRunnerWorker.runSuite(SuiteRunnerWorker.java:53)
	at org.testng.SuiteRunnerWorker.run(SuiteRunnerWorker.java:87)
	at org.testng.TestNG.runSuitesSequentially(TestNG.java:1185)
	at org.testng.TestNG.runSuitesLocally(TestNG.java:1110)
	at org.testng.TestNG.run(TestNG.java:1022)
	at org.testng.remote.RemoteTestNG.run(RemoteTestNG.java:109)
	at org.testng.remote.RemoteTestNG.initAndRun(RemoteTestNG.java:202)
	at org.testng.remote.RemoteTestNG.main(RemoteTestNG.java:173)
]]>
            </full-stacktrace>
          </exception> <!-- java.lang.AssertionError -->
        </test-method> <!-- LoginAdmin -->
        <test-method status="PASS" signature="stopTestCase()[pri:0, instance:com.selng.wgenwebdriver.tests.LoginTest@123fab3]" name="stopTestCase" is-config="true" duration-ms="5" started-at="2012-03-09T15:46:50Z" finished-at="2012-03-09T15:46:50Z">
        </test-method> <!-- stopTestCase -->
        <test-method status="PASS" signature="stopTest()[pri:0, instance:com.selng.wgenwebdriver.tests.LoginTest@123fab3]" name="stopTest" is-config="true" duration-ms="244" started-at="2012-03-09T15:46:50Z" finished-at="2012-03-09T15:46:50Z">
        </test-method> <!-- stopTest -->
      </class> <!-- com.selng.wgenwebdriver.tests.LoginTest -->
    </test> <!-- Regression1 -->
  </suite> <!-- Suite1 -->
</testng-results>
