<?xml version="1.0" encoding="UTF-8"?>
<!-- Generated by org.testng.reporters.JUnitXMLReporter -->
<testsuite hostname="RACP-141" name="Regression1" tests="1" failures="1" timestamp="9 Mar 2012 10:16:50 GMT" time="48.98" errors="0">
  <testcase name="LoginAdmin" time="20.031" classname="com.selng.wgenwebdriver.tests.LoginTest">
    <failure type="java.lang.AssertionError">
      <![CDATA[java.lang.AssertionError
	at org.junit.Assert.fail(Assert.java:92)
	at org.junit.Assert.assertTrue(Assert.java:43)
	at org.junit.Assert.assertTrue(Assert.java:54)
	at com.selng.wgenwebdriver.utils.BasicLogin.login(BasicLogin.java:11)
	at com.selng.wgenwebdriver.tests.LoginTest.LoginAdmin(LoginTest.java:14)
... Removed 24 stack frames]]>
    </failure>
  </testcase> <!-- LoginAdmin -->
</testsuite> <!-- Regression1 -->
